<?xml version="1.0" encoding="UTF-8"?>
<!-- Generated by org.testng.reporters.JUnitReportReporter -->
<testsuite hostname="LAPTOP-JTNRIH3B" failures="0" tests="3" name="files.DynamicJson" time="2.890" errors="0" timestamp="2023-02-06T01:19:35 IST" skipped="0">
  <testcase classname="files.DynamicJson" name="AddBook" time="0.178"/>
  <system-out/>
  <testcase classname="files.DynamicJson" name="AddBook" time="0.222"/>
  <system-out/>
  <testcase classname="files.DynamicJson" name="AddBook" time="2.490"/>
  <system-out/>
</testsuite> <!-- files.DynamicJson -->
