<?xml version="1.0" encoding="UTF-8"?>
<!-- Generated by org.testng.reporters.JUnitReportReporter -->
<testsuite hostname="LAPTOP-JTNRIH3B" failures="0" tests="1" name="files.Transaction" time="5.220" errors="0" timestamp="2023-02-06T02:53:11 IST" skipped="0">
  <testcase classname="files.Transaction" name="addTransaction" time="5.220"/>
  <system-out/>
</testsuite> <!-- files.Transaction -->
