<?xml version="1.0" encoding="UTF-8"?>
<!-- Generated by org.testng.reporters.JUnitReportReporter -->
<testsuite hostname="LAPTOP-JTNRIH3B" failures="0" tests="1" name="SumValidations" time="2.263" errors="0" timestamp="2023-01-11T23:40:37 IST" skipped="0">
  <testcase classname="SumValidations" name="sumCourses" time="2.263"/>
  <system-out/>
</testsuite> <!-- SumValidations -->
