<?xml version="1.0" encoding="UTF-8"?>
<!-- Generated by org.testng.reporters.JUnitReportReporter -->
<testsuite hostname="LAPTOP-JTNRIH3B" failures="0" tests="1" name="files.StaticJson" time="2.998" errors="0" timestamp="2023-01-12T19:48:06 IST" skipped="0">
  <testcase classname="files.StaticJson" name="addBook" time="2.998"/>
  <system-out/>
</testsuite> <!-- files.StaticJson -->
